2025-02-25 12:29:40 - INFO - 🚀 Pharmacy inventory watch script started!
2025-02-25 12:29:40 - INFO - 📂 Processing file: /Users/nicoshanstrom/Turing/post_turing/ichooserx/ichooserx_py_microservice/pharmacy_data/test_inventory.csv
2025-02-25 12:29:41 - INFO - UPDATED New Pharmacy C - 99999-1111-09: ('Drug Zeta', 'In Stock', 'Tablet', '45mg', 'Supplier D') → ('Drug Zeta', 'In Stock', 'Tablet', '42.5mg', 'Supplier D')
2025-02-25 20:04:53 - INFO - 🚀 Pharmacy inventory watch script started!
2025-02-25 20:04:53 - INFO - 📂 Processing file: /Users/nicoshanstrom/Turing/post_turing/ichooserx/ichooserx_py_microservice/pharmacy_data/test_inventory_json.json
2025-02-25 20:05:03 - INFO - 🚀 Pharmacy inventory watch script started!
2025-02-25 20:05:03 - INFO - 📂 Processing file: /Users/nicoshanstrom/Turing/post_turing/ichooserx/ichooserx_py_microservice/pharmacy_data/test_inventory_xslx.xlsx
2025-02-25 20:08:52 - INFO - 🚀 Pharmacy inventory watch script started!
2025-02-25 20:08:52 - INFO - 📂 Processing file: /Users/nicoshanstrom/Turing/post_turing/ichooserx/ichooserx_py_microservice/pharmacy_data/test_inventory_json.json
2025-02-25 20:08:56 - INFO - 🚀 Pharmacy inventory watch script started!
2025-02-25 20:08:56 - INFO - 📂 Processing file: /Users/nicoshanstrom/Turing/post_turing/ichooserx/ichooserx_py_microservice/pharmacy_data/test_inventory_xslx.xlsx
2025-02-25 20:11:12 - INFO - 🚀 Pharmacy inventory watch script started!
2025-02-25 20:11:12 - INFO - 📂 Processing file: /Users/nicoshanstrom/Turing/post_turing/ichooserx/ichooserx_py_microservice/pharmacy_data/test_inventory_json.json
2025-02-25 20:11:15 - INFO - 🚀 Pharmacy inventory watch script started!
2025-02-25 20:11:15 - INFO - 📂 Processing file: /Users/nicoshanstrom/Turing/post_turing/ichooserx/ichooserx_py_microservice/pharmacy_data/test_inventory_xslx.xlsx
2025-02-25 20:13:30 - INFO - 🚀 Pharmacy inventory watch script started!
2025-02-25 20:13:30 - INFO - 📂 Processing file: /Users/nicoshanstrom/Turing/post_turing/ichooserx/ichooserx_py_microservice/pharmacy_data/test_inventory_json.json
2025-02-25 20:13:34 - INFO - 🚀 Pharmacy inventory watch script started!
2025-02-25 20:13:34 - INFO - 📂 Processing file: /Users/nicoshanstrom/Turing/post_turing/ichooserx/ichooserx_py_microservice/pharmacy_data/test_inventory_xslx.xlsx
2025-02-25 20:15:41 - INFO - 🚀 Pharmacy inventory watch script started!
2025-02-25 20:15:41 - INFO - 📂 Processing file: /Users/nicoshanstrom/Turing/post_turing/ichooserx/ichooserx_py_microservice/pharmacy_data/test_inventory_json.json
2025-02-25 20:15:41 - INFO - 🚀 Pharmacy inventory watch script started!
2025-02-25 20:15:41 - INFO - 📂 Processing file: /Users/nicoshanstrom/Turing/post_turing/ichooserx/ichooserx_py_microservice/pharmacy_data/test_inventory_xslx.xlsx
2025-02-25 20:18:57 - INFO - 🚀 Pharmacy inventory watch script started!
2025-02-25 20:18:57 - INFO - 📂 Processing file: /Users/nicoshanstrom/Turing/post_turing/ichooserx/ichooserx_py_microservice/pharmacy_data/test_inventory_json.json
2025-02-25 20:18:57 - INFO - 🚀 Pharmacy inventory watch script started!
2025-02-25 20:18:57 - INFO - 📂 Processing file: /Users/nicoshanstrom/Turing/post_turing/ichooserx/ichooserx_py_microservice/pharmacy_data/test_inventory_xslx.xlsx
2025-02-26 09:04:13 - INFO - 🚀 Pharmacy inventory watch script started!
2025-02-26 09:04:13 - INFO - 📂 Processing file: /Users/nicoshanstrom/Turing/post_turing/ichooserx/ichooserx_py_microservice/pharmacy_data/test_inventory_json.json
2025-02-26 09:04:13 - INFO - 🚀 Pharmacy inventory watch script started!
2025-02-26 09:04:13 - INFO - 📂 Processing file: /Users/nicoshanstrom/Turing/post_turing/ichooserx/ichooserx_py_microservice/pharmacy_data/test_inventory_xslx.xlsx
2025-02-26 09:04:41 - INFO - 🚀 Pharmacy inventory watch script started!
2025-02-26 09:04:41 - INFO - 📂 Processing file: /Users/nicoshanstrom/Turing/post_turing/ichooserx/ichooserx_py_microservice/pharmacy_data/test_inventory.csv
2025-02-26 09:04:41 - INFO - UPDATED New Pharmacy C - 99999-1111-09: ('Drug Zeta', 'In Stock', 'Tablet', '42.5mg', 'Supplier D') → ('Drug Zeta', 'In Stock', 'Tablet', '45mg', 'Supplier D')
2025-02-26 09:06:40 - INFO - 🚀 Pharmacy inventory watch script started!
2025-02-26 09:06:40 - INFO - 📂 Processing file: /Users/nicoshanstrom/Turing/post_turing/ichooserx/ichooserx_py_microservice/pharmacy_data/test_inventory_json.json
2025-02-26 09:06:40 - INFO - 🚀 Pharmacy inventory watch script started!
2025-02-26 09:06:40 - INFO - 📂 Processing file: /Users/nicoshanstrom/Turing/post_turing/ichooserx/ichooserx_py_microservice/pharmacy_data/test_inventory_xslx.xlsx
2025-02-26 09:12:47 - INFO - 🚀 Pharmacy inventory watch script started!
2025-02-26 09:12:47 - INFO - 📂 Processing file: /Users/nicoshanstrom/Turing/post_turing/ichooserx/ichooserx_py_microservice/pharmacy_data/test_inventory_json.json
2025-02-26 09:12:47 - INFO - 🔹 Pharmacy 'Pharmacy M' not found. Creating it now...
2025-02-26 09:12:47 - INFO - 🔹 Pharmacy 'Pharmacy N' not found. Creating it now...
2025-02-26 09:12:47 - INFO - ✅ File processing complete!
2025-02-26 09:12:47 - INFO - 🚀 Pharmacy inventory watch script started!
2025-02-26 09:12:47 - INFO - 📂 Processing file: /Users/nicoshanstrom/Turing/post_turing/ichooserx/ichooserx_py_microservice/pharmacy_data/test_inventory_xslx.xlsx
2025-02-26 09:12:47 - INFO - 🔹 Pharmacy 'Pharmacy X' not found. Creating it now...
2025-02-26 09:12:47 - INFO - 🔹 Pharmacy 'Pharmacy Y' not found. Creating it now...
2025-02-26 09:12:47 - INFO - 🔹 Pharmacy 'Pharmacy Z' not found. Creating it now...
2025-02-26 09:12:47 - INFO - ✅ File processing complete!
2025-02-26 09:40:08 - INFO - 🚀 Pharmacy inventory watch script started!
2025-02-26 09:40:08 - INFO - 📂 Processing file: /Users/nicoshanstrom/Turing/post_turing/ichooserx/ichooserx_py_microservice/pharmacy_data/b&b_pharmacy_ndc_list.csv
2025-02-26 09:40:08 - INFO - 🔹 Pharmacy 'B&B' not found. Creating it now...
2025-02-26 09:40:08 - INFO - ✅ File processing complete!
